{"/Users/sumit/Documents/UniversityOfGlasgow/Sem_3/Dissertation/commodityexchange/frontend/src/api/client.ts": {"path":"/Users/sumit/Documents/UniversityOfGlasgow/Sem_3/Dissertation/commodityexchange/frontend/src/api/client.ts","statementMap":{"0":{"start":{"line":2,"column":24},"end":{"line":2,"column":null}},"1":{"start":{"line":6,"column":13},"end":{"line":10,"column":null}},"2":{"start":{"line":7,"column":2},"end":{"line":10,"column":null}},"3":{"start":{"line":8,"column":4},"end":{"line":8,"column":null}},"4":{"start":{"line":8,"column":17},"end":{"line":8,"column":null}},"5":{"start":{"line":9,"column":4},"end":{"line":9,"column":null}}},"fnMap":{"0":{"name":"(anonymous_0)","decl":{"start":{"line":6,"column":13},"end":{"line":6,"column":24}},"loc":{"start":{"line":7,"column":2},"end":{"line":10,"column":null}},"line":7},"1":{"name":"(anonymous_1)","decl":{"start":{"line":7,"column":29},"end":{"line":7,"column":34}},"loc":{"start":{"line":7,"column":41},"end":{"line":10,"column":3}},"line":7}},"branchMap":{"0":{"loc":{"start":{"line":2,"column":24},"end":{"line":2,"column":null}},"type":"binary-expr","locations":[{"start":{"line":2,"column":24},"end":{"line":2,"column":56}},{"start":{"line":2,"column":56},"end":{"line":2,"column":null}}],"line":2},"1":{"loc":{"start":{"line":8,"column":4},"end":{"line":8,"column":null}},"type":"if","locations":[{"start":{"line":8,"column":4},"end":{"line":8,"column":null}},{"start":{},"end":{}}],"line":8}},"s":{"0":9,"1":9,"2":2,"3":2,"4":1,"5":1},"f":{"0":2,"1":2},"b":{"0":[9,0],"1":[1,1]},"meta":{"lastBranch":2,"lastFunction":2,"lastStatement":6,"seen":{"s:2:24:2:Infinity":0,"b:2:24:2:56:2:56:2:Infinity":0,"s:6:13:10:Infinity":1,"f:6:13:6:24":0,"s:7:2:10:Infinity":2,"f:7:29:7:34":1,"b:8:4:8:Infinity:undefined:undefined:undefined:undefined":1,"s:8:4:8:Infinity":3,"s:8:17:8:Infinity":4,"s:9:4:9:Infinity":5},"fnNames":{}}}
,"/Users/sumit/Documents/UniversityOfGlasgow/Sem_3/Dissertation/commodityexchange/frontend/src/api/priceService.ts": {"path":"/Users/sumit/Documents/UniversityOfGlasgow/Sem_3/Dissertation/commodityexchange/frontend/src/api/priceService.ts","statementMap":{"0":{"start":{"line":5,"column":13},"end":{"line":17,"column":null}},"1":{"start":{"line":6,"column":45},"end":{"line":9,"column":null}},"2":{"start":{"line":11,"column":2},"end":{"line":16,"column":null}}},"fnMap":{"0":{"name":"(anonymous_0)","decl":{"start":{"line":5,"column":13},"end":{"line":5,"column":31}},"loc":{"start":{"line":5,"column":31},"end":{"line":17,"column":null}},"line":5}},"branchMap":{"0":{"loc":{"start":{"line":12,"column":17},"end":{"line":12,"column":null}},"type":"binary-expr","locations":[{"start":{"line":12,"column":17},"end":{"line":12,"column":38}},{"start":{"line":12,"column":38},"end":{"line":12,"column":null}}],"line":12}},"s":{"0":1,"1":4,"2":4},"f":{"0":4},"b":{"0":[4,3]},"meta":{"lastBranch":1,"lastFunction":1,"lastStatement":3,"seen":{"s:5:13:17:Infinity":0,"f:5:13:5:31":0,"s:6:45:9:Infinity":1,"s:11:2:16:Infinity":2,"b:12:17:12:38:12:38:12:Infinity":0},"fnNames":{}}}
,"/Users/sumit/Documents/UniversityOfGlasgow/Sem_3/Dissertation/commodityexchange/frontend/src/components/ui/PriceCard.module.css": {"path":"/Users/sumit/Documents/UniversityOfGlasgow/Sem_3/Dissertation/commodityexchange/frontend/src/components/ui/PriceCard.module.css","statementMap":{},"fnMap":{},"branchMap":{},"s":{},"f":{},"b":{},"meta":{"lastBranch":0,"lastFunction":0,"lastStatement":0,"seen":{},"fnNames":{}}}
,"/Users/sumit/Documents/UniversityOfGlasgow/Sem_3/Dissertation/commodityexchange/frontend/src/components/ui/PriceCard.tsx": {"path":"/Users/sumit/Documents/UniversityOfGlasgow/Sem_3/Dissertation/commodityexchange/frontend/src/components/ui/PriceCard.tsx","statementMap":{"0":{"start":{"line":12,"column":13},"end":{"line":42,"column":null}},"1":{"start":{"line":13,"column":15},"end":{"line":13,"column":null}},"2":{"start":{"line":15,"column":2},"end":{"line":40,"column":null}}},"fnMap":{"0":{"name":"(anonymous_0)","decl":{"start":{"line":12,"column":13},"end":{"line":12,"column":26}},"loc":{"start":{"line":12,"column":81},"end":{"line":42,"column":null}},"line":12}},"branchMap":{"0":{"loc":{"start":{"line":18,"column":40},"end":{"line":18,"column":null}},"type":"cond-expr","locations":[{"start":{"line":18,"column":53},"end":{"line":18,"column":71}},{"start":{"line":18,"column":71},"end":{"line":18,"column":null}}],"line":18},"1":{"loc":{"start":{"line":22,"column":45},"end":{"line":22,"column":null}},"type":"cond-expr","locations":[{"start":{"line":22,"column":52},"end":{"line":22,"column":64}},{"start":{"line":22,"column":64},"end":{"line":22,"column":null}}],"line":22},"2":{"loc":{"start":{"line":23,"column":11},"end":{"line":23,"column":null}},"type":"cond-expr","locations":[{"start":{"line":23,"column":18},"end":{"line":23,"column":46}},{"start":{"line":23,"column":45},"end":{"line":23,"column":null}}],"line":23}},"s":{"0":1,"1":6,"2":6},"f":{"0":6},"b":{"0":[1,5],"1":[5,1],"2":[5,1]},"meta":{"lastBranch":3,"lastFunction":1,"lastStatement":3,"seen":{"s:12:13:42:Infinity":0,"f:12:13:12:26":0,"s:13:15:13:Infinity":1,"s:15:2:40:Infinity":2,"b:18:53:18:71:18:71:18:Infinity":0,"b:22:52:22:64:22:64:22:Infinity":1,"b:23:18:23:46:23:45:23:Infinity":2},"fnNames":{}}}
,"/Users/sumit/Documents/UniversityOfGlasgow/Sem_3/Dissertation/commodityexchange/frontend/src/components/ui/PriceChart.tsx": {"path":"/Users/sumit/Documents/UniversityOfGlasgow/Sem_3/Dissertation/commodityexchange/frontend/src/components/ui/PriceChart.tsx","statementMap":{"0":{"start":{"line":10,"column":13},"end":{"line":49,"column":null}},"1":{"start":{"line":11,"column":38},"end":{"line":42,"column":null}},"2":{"start":{"line":21,"column":50},"end":{"line":21,"column":56}},"3":{"start":{"line":36,"column":46},"end":{"line":36,"column":53}},"4":{"start":{"line":44,"column":2},"end":{"line":47,"column":null}}},"fnMap":{"0":{"name":"(anonymous_0)","decl":{"start":{"line":10,"column":13},"end":{"line":10,"column":27}},"loc":{"start":{"line":10,"column":62},"end":{"line":49,"column":null}},"line":10},"1":{"name":"(anonymous_1)","decl":{"start":{"line":21,"column":39},"end":{"line":21,"column":44}},"loc":{"start":{"line":21,"column":50},"end":{"line":21,"column":56}},"line":21},"2":{"name":"(anonymous_2)","decl":{"start":{"line":36,"column":35},"end":{"line":36,"column":40}},"loc":{"start":{"line":36,"column":46},"end":{"line":36,"column":53}},"line":36}},"branchMap":{},"s":{"0":1,"1":3,"2":6,"3":6,"4":3},"f":{"0":3,"1":6,"2":6},"b":{},"meta":{"lastBranch":0,"lastFunction":3,"lastStatement":5,"seen":{"s:10:13:49:Infinity":0,"f:10:13:10:27":0,"s:11:38:42:Infinity":1,"f:21:39:21:44":1,"s:21:50:21:56":2,"f:36:35:36:40":2,"s:36:46:36:53":3,"s:44:2:47:Infinity":4},"fnNames":{}}}
,"/Users/sumit/Documents/UniversityOfGlasgow/Sem_3/Dissertation/commodityexchange/frontend/src/hooks/useCreateListing.ts": {"path":"/Users/sumit/Documents/UniversityOfGlasgow/Sem_3/Dissertation/commodityexchange/frontend/src/hooks/useCreateListing.ts","statementMap":{"0":{"start":{"line":14,"column":13},"end":{"line":45,"column":null}},"1":{"start":{"line":15,"column":38},"end":{"line":15,"column":null}},"2":{"start":{"line":16,"column":28},"end":{"line":16,"column":null}},"3":{"start":{"line":18,"column":24},"end":{"line":42,"column":null}},"4":{"start":{"line":19,"column":4},"end":{"line":19,"column":null}},"5":{"start":{"line":20,"column":4},"end":{"line":20,"column":null}},"6":{"start":{"line":21,"column":4},"end":{"line":41,"column":null}},"7":{"start":{"line":22,"column":19},"end":{"line":22,"column":null}},"8":{"start":{"line":23,"column":6},"end":{"line":23,"column":null}},"9":{"start":{"line":24,"column":0},"end":{"line":24,"column":null}},"10":{"start":{"line":25,"column":18},"end":{"line":33,"column":null}},"11":{"start":{"line":34,"column":6},"end":{"line":34,"column":null}},"12":{"start":{"line":34,"column":19},"end":{"line":34,"column":null}},"13":{"start":{"line":35,"column":6},"end":{"line":35,"column":null}},"14":{"start":{"line":37,"column":6},"end":{"line":37,"column":null}},"15":{"start":{"line":38,"column":6},"end":{"line":38,"column":null}},"16":{"start":{"line":40,"column":6},"end":{"line":40,"column":null}},"17":{"start":{"line":44,"column":2},"end":{"line":44,"column":null}}},"fnMap":{"0":{"name":"(anonymous_0)","decl":{"start":{"line":14,"column":13},"end":{"line":14,"column":38}},"loc":{"start":{"line":14,"column":38},"end":{"line":45,"column":null}},"line":14},"1":{"name":"(anonymous_1)","decl":{"start":{"line":18,"column":24},"end":{"line":18,"column":31}},"loc":{"start":{"line":18,"column":65},"end":{"line":42,"column":null}},"line":18}},"branchMap":{"0":{"loc":{"start":{"line":22,"column":30},"end":{"line":22,"column":66}},"type":"binary-expr","locations":[{"start":{"line":22,"column":30},"end":{"line":22,"column":62}},{"start":{"line":22,"column":62},"end":{"line":22,"column":66}}],"line":22},"1":{"loc":{"start":{"line":34,"column":6},"end":{"line":34,"column":null}},"type":"if","locations":[{"start":{"line":34,"column":6},"end":{"line":34,"column":null}},{"start":{},"end":{}}],"line":34}},"s":{"0":1,"1":9,"2":9,"3":9,"4":4,"5":4,"6":4,"7":4,"8":4,"9":4,"10":4,"11":3,"12":1,"13":2,"14":2,"15":2,"16":4,"17":9},"f":{"0":9,"1":4},"b":{"0":[4,4],"1":[1,2]},"meta":{"lastBranch":2,"lastFunction":2,"lastStatement":18,"seen":{"s:14:13:45:Infinity":0,"f:14:13:14:38":0,"s:15:38:15:Infinity":1,"s:16:28:16:Infinity":2,"s:18:24:42:Infinity":3,"f:18:24:18:31":1,"s:19:4:19:Infinity":4,"s:20:4:20:Infinity":5,"s:21:4:41:Infinity":6,"s:22:19:22:Infinity":7,"b:22:30:22:62:22:62:22:66":0,"s:23:6:23:Infinity":8,"s:24:0:24:Infinity":9,"s:25:18:33:Infinity":10,"b:34:6:34:Infinity:undefined:undefined:undefined:undefined":1,"s:34:6:34:Infinity":11,"s:34:19:34:Infinity":12,"s:35:6:35:Infinity":13,"s:37:6:37:Infinity":14,"s:38:6:38:Infinity":15,"s:40:6:40:Infinity":16,"s:44:2:44:Infinity":17},"fnNames":{}}}
,"/Users/sumit/Documents/UniversityOfGlasgow/Sem_3/Dissertation/commodityexchange/frontend/src/hooks/useDeleteListing.ts": {"path":"/Users/sumit/Documents/UniversityOfGlasgow/Sem_3/Dissertation/commodityexchange/frontend/src/hooks/useDeleteListing.ts","statementMap":{"0":{"start":{"line":4,"column":13},"end":{"line":26,"column":null}},"1":{"start":{"line":5,"column":38},"end":{"line":5,"column":null}},"2":{"start":{"line":6,"column":28},"end":{"line":6,"column":null}},"3":{"start":{"line":8,"column":24},"end":{"line":23,"column":null}},"4":{"start":{"line":9,"column":4},"end":{"line":9,"column":null}},"5":{"start":{"line":10,"column":4},"end":{"line":10,"column":null}},"6":{"start":{"line":11,"column":4},"end":{"line":22,"column":null}},"7":{"start":{"line":12,"column":18},"end":{"line":14,"column":null}},"8":{"start":{"line":15,"column":6},"end":{"line":15,"column":null}},"9":{"start":{"line":15,"column":19},"end":{"line":15,"column":null}},"10":{"start":{"line":16,"column":6},"end":{"line":16,"column":null}},"11":{"start":{"line":18,"column":6},"end":{"line":18,"column":null}},"12":{"start":{"line":19,"column":6},"end":{"line":19,"column":null}},"13":{"start":{"line":21,"column":6},"end":{"line":21,"column":null}},"14":{"start":{"line":25,"column":2},"end":{"line":25,"column":null}}},"fnMap":{"0":{"name":"(anonymous_0)","decl":{"start":{"line":4,"column":13},"end":{"line":4,"column":38}},"loc":{"start":{"line":4,"column":38},"end":{"line":26,"column":null}},"line":4},"1":{"name":"(anonymous_1)","decl":{"start":{"line":8,"column":24},"end":{"line":8,"column":31}},"loc":{"start":{"line":8,"column":53},"end":{"line":23,"column":null}},"line":8}},"branchMap":{"0":{"loc":{"start":{"line":15,"column":6},"end":{"line":15,"column":null}},"type":"if","locations":[{"start":{"line":15,"column":6},"end":{"line":15,"column":null}},{"start":{},"end":{}}],"line":15}},"s":{"0":1,"1":9,"2":9,"3":9,"4":4,"5":4,"6":4,"7":4,"8":3,"9":1,"10":2,"11":2,"12":2,"13":4,"14":9},"f":{"0":9,"1":4},"b":{"0":[1,2]},"meta":{"lastBranch":1,"lastFunction":2,"lastStatement":15,"seen":{"s:4:13:26:Infinity":0,"f:4:13:4:38":0,"s:5:38:5:Infinity":1,"s:6:28:6:Infinity":2,"s:8:24:23:Infinity":3,"f:8:24:8:31":1,"s:9:4:9:Infinity":4,"s:10:4:10:Infinity":5,"s:11:4:22:Infinity":6,"s:12:18:14:Infinity":7,"b:15:6:15:Infinity:undefined:undefined:undefined:undefined":0,"s:15:6:15:Infinity":8,"s:15:19:15:Infinity":9,"s:16:6:16:Infinity":10,"s:18:6:18:Infinity":11,"s:19:6:19:Infinity":12,"s:21:6:21:Infinity":13,"s:25:2:25:Infinity":14},"fnNames":{}}}
,"/Users/sumit/Documents/UniversityOfGlasgow/Sem_3/Dissertation/commodityexchange/frontend/src/hooks/useListing.ts": {"path":"/Users/sumit/Documents/UniversityOfGlasgow/Sem_3/Dissertation/commodityexchange/frontend/src/hooks/useListing.ts","statementMap":{"0":{"start":{"line":5,"column":13},"end":{"line":27,"column":null}},"1":{"start":{"line":6,"column":34},"end":{"line":6,"column":null}},"2":{"start":{"line":7,"column":36},"end":{"line":7,"column":null}},"3":{"start":{"line":8,"column":32},"end":{"line":8,"column":null}},"4":{"start":{"line":10,"column":24},"end":{"line":20,"column":null}},"5":{"start":{"line":11,"column":4},"end":{"line":11,"column":null}},"6":{"start":{"line":12,"column":4},"end":{"line":12,"column":null}},"7":{"start":{"line":15,"column":4},"end":{"line":19,"column":null}},"8":{"start":{"line":16,"column":21},"end":{"line":16,"column":31}},"9":{"start":{"line":17,"column":22},"end":{"line":17,"column":56}},"10":{"start":{"line":18,"column":19},"end":{"line":18,"column":35}},"11":{"start":{"line":19,"column":21},"end":{"line":19,"column":40}},"12":{"start":{"line":22,"column":2},"end":{"line":24,"column":null}},"13":{"start":{"line":23,"column":4},"end":{"line":23,"column":null}},"14":{"start":{"line":26,"column":2},"end":{"line":26,"column":null}}},"fnMap":{"0":{"name":"(anonymous_0)","decl":{"start":{"line":5,"column":13},"end":{"line":5,"column":33}},"loc":{"start":{"line":5,"column":33},"end":{"line":27,"column":null}},"line":5},"1":{"name":"(anonymous_1)","decl":{"start":{"line":10,"column":24},"end":{"line":10,"column":42}},"loc":{"start":{"line":10,"column":42},"end":{"line":20,"column":5}},"line":10},"2":{"name":"(anonymous_2)","decl":{"start":{"line":16,"column":7},"end":{"line":16,"column":13}},"loc":{"start":{"line":16,"column":21},"end":{"line":16,"column":31}},"line":16},"3":{"name":"(anonymous_3)","decl":{"start":{"line":17,"column":7},"end":{"line":17,"column":13}},"loc":{"start":{"line":17,"column":22},"end":{"line":17,"column":56}},"line":17},"4":{"name":"(anonymous_4)","decl":{"start":{"line":18,"column":7},"end":{"line":18,"column":19}},"loc":{"start":{"line":18,"column":19},"end":{"line":18,"column":35}},"line":18},"5":{"name":"(anonymous_5)","decl":{"start":{"line":19,"column":7},"end":{"line":19,"column":21}},"loc":{"start":{"line":19,"column":21},"end":{"line":19,"column":40}},"line":19},"6":{"name":"(anonymous_6)","decl":{"start":{"line":22,"column":2},"end":{"line":22,"column":18}},"loc":{"start":{"line":22,"column":18},"end":{"line":24,"column":5}},"line":22}},"branchMap":{"0":{"loc":{"start":{"line":17,"column":34},"end":{"line":17,"column":55}},"type":"binary-expr","locations":[{"start":{"line":17,"column":34},"end":{"line":17,"column":51}},{"start":{"line":17,"column":51},"end":{"line":17,"column":55}}],"line":17}},"s":{"0":1,"1":7,"2":7,"3":7,"4":7,"5":4,"6":4,"7":4,"8":3,"9":3,"10":1,"11":4,"12":7,"13":3,"14":7},"f":{"0":7,"1":4,"2":3,"3":3,"4":1,"5":4,"6":3},"b":{"0":[3,0]},"meta":{"lastBranch":1,"lastFunction":7,"lastStatement":15,"seen":{"s:5:13:27:Infinity":0,"f:5:13:5:33":0,"s:6:34:6:Infinity":1,"s:7:36:7:Infinity":2,"s:8:32:8:Infinity":3,"s:10:24:20:Infinity":4,"f:10:24:10:42":1,"s:11:4:11:Infinity":5,"s:12:4:12:Infinity":6,"s:15:4:19:Infinity":7,"f:16:7:16:13":2,"s:16:21:16:31":8,"f:17:7:17:13":3,"s:17:22:17:56":9,"b:17:34:17:51:17:51:17:55":0,"f:18:7:18:19":4,"s:18:19:18:35":10,"f:19:7:19:21":5,"s:19:21:19:40":11,"s:22:2:24:Infinity":12,"f:22:2:22:18":6,"s:23:4:23:Infinity":13,"s:26:2:26:Infinity":14},"fnNames":{}}}
,"/Users/sumit/Documents/UniversityOfGlasgow/Sem_3/Dissertation/commodityexchange/frontend/src/hooks/useMatchTrade.ts": {"path":"/Users/sumit/Documents/UniversityOfGlasgow/Sem_3/Dissertation/commodityexchange/frontend/src/hooks/useMatchTrade.ts","statementMap":{"0":{"start":{"line":19,"column":26},"end":{"line":19,"column":null}},"1":{"start":{"line":21,"column":13},"end":{"line":136,"column":null}},"2":{"start":{"line":22,"column":28},"end":{"line":22,"column":null}},"3":{"start":{"line":23,"column":30},"end":{"line":23,"column":null}},"4":{"start":{"line":24,"column":32},"end":{"line":24,"column":null}},"5":{"start":{"line":25,"column":36},"end":{"line":25,"column":null}},"6":{"start":{"line":26,"column":34},"end":{"line":26,"column":null}},"7":{"start":{"line":27,"column":26},"end":{"line":27,"column":null}},"8":{"start":{"line":29,"column":20},"end":{"line":49,"column":null}},"9":{"start":{"line":30,"column":4},"end":{"line":30,"column":null}},"10":{"start":{"line":31,"column":4},"end":{"line":48,"column":null}},"11":{"start":{"line":32,"column":18},"end":{"line":34,"column":null}},"12":{"start":{"line":35,"column":19},"end":{"line":35,"column":null}},"13":{"start":{"line":37,"column":6},"end":{"line":40,"column":null}},"14":{"start":{"line":38,"column":8},"end":{"line":38,"column":null}},"15":{"start":{"line":39,"column":8},"end":{"line":39,"column":null}},"16":{"start":{"line":42,"column":6},"end":{"line":42,"column":null}},"17":{"start":{"line":43,"column":6},"end":{"line":43,"column":null}},"18":{"start":{"line":44,"column":6},"end":{"line":44,"column":null}},"19":{"start":{"line":45,"column":6},"end":{"line":45,"column":null}},"20":{"start":{"line":47,"column":6},"end":{"line":47,"column":null}},"21":{"start":{"line":51,"column":8},"end":{"line":51,"column":null}},"22":{"start":{"line":51,"column":32},"end":{"line":51,"column":null}},"23":{"start":{"line":53,"column":23},"end":{"line":109,"column":null}},"24":{"start":{"line":54,"column":17},"end":{"line":54,"column":null}},"25":{"start":{"line":55,"column":4},"end":{"line":55,"column":null}},"26":{"start":{"line":55,"column":33},"end":{"line":55,"column":null}},"27":{"start":{"line":56,"column":4},"end":{"line":56,"column":null}},"28":{"start":{"line":56,"column":43},"end":{"line":56,"column":null}},"29":{"start":{"line":58,"column":4},"end":{"line":58,"column":null}},"30":{"start":{"line":59,"column":4},"end":{"line":59,"column":null}},"31":{"start":{"line":61,"column":4},"end":{"line":108,"column":null}},"32":{"start":{"line":63,"column":8},"end":{"line":64,"column":null}},"33":{"start":{"line":66,"column":23},"end":{"line":85,"column":null}},"34":{"start":{"line":86,"column":24},"end":{"line":86,"column":null}},"35":{"start":{"line":88,"column":6},"end":{"line":99,"column":null}},"36":{"start":{"line":101,"column":6},"end":{"line":101,"column":null}},"37":{"start":{"line":102,"column":6},"end":{"line":102,"column":null}},"38":{"start":{"line":103,"column":6},"end":{"line":103,"column":null}},"39":{"start":{"line":105,"column":6},"end":{"line":105,"column":null}},"40":{"start":{"line":107,"column":6},"end":{"line":107,"column":null}},"41":{"start":{"line":111,"column":8},"end":{"line":117,"column":null}},"42":{"start":{"line":112,"column":4},"end":{"line":112,"column":null}},"43":{"start":{"line":113,"column":4},"end":{"line":113,"column":null}},"44":{"start":{"line":114,"column":4},"end":{"line":114,"column":null}},"45":{"start":{"line":115,"column":4},"end":{"line":115,"column":null}},"46":{"start":{"line":116,"column":4},"end":{"line":116,"column":null}},"47":{"start":{"line":119,"column":22},"end":{"line":121,"column":null}},"48":{"start":{"line":123,"column":2},"end":{"line":135,"column":null}}},"fnMap":{"0":{"name":"(anonymous_0)","decl":{"start":{"line":21,"column":13},"end":{"line":21,"column":35}},"loc":{"start":{"line":21,"column":35},"end":{"line":136,"column":null}},"line":21},"1":{"name":"(anonymous_1)","decl":{"start":{"line":29,"column":20},"end":{"line":29,"column":27}},"loc":{"start":{"line":29,"column":49},"end":{"line":49,"column":null}},"line":29},"2":{"name":"(anonymous_2)","decl":{"start":{"line":51,"column":8},"end":{"line":51,"column":32}},"loc":{"start":{"line":51,"column":32},"end":{"line":51,"column":null}},"line":51},"3":{"name":"(anonymous_3)","decl":{"start":{"line":53,"column":23},"end":{"line":53,"column":30}},"loc":{"start":{"line":53,"column":56},"end":{"line":109,"column":null}},"line":53},"4":{"name":"(anonymous_4)","decl":{"start":{"line":111,"column":8},"end":{"line":111,"column":22}},"loc":{"start":{"line":111,"column":22},"end":{"line":117,"column":null}},"line":111}},"branchMap":{"0":{"loc":{"start":{"line":37,"column":6},"end":{"line":40,"column":null}},"type":"if","locations":[{"start":{"line":37,"column":6},"end":{"line":40,"column":null}},{"start":{},"end":{}}],"line":37},"1":{"loc":{"start":{"line":37,"column":10},"end":{"line":37,"column":54}},"type":"binary-expr","locations":[{"start":{"line":37,"column":10},"end":{"line":37,"column":27}},{"start":{"line":37,"column":27},"end":{"line":37,"column":54}}],"line":37},"2":{"loc":{"start":{"line":54,"column":28},"end":{"line":54,"column":64}},"type":"binary-expr","locations":[{"start":{"line":54,"column":28},"end":{"line":54,"column":60}},{"start":{"line":54,"column":60},"end":{"line":54,"column":64}}],"line":54},"3":{"loc":{"start":{"line":55,"column":4},"end":{"line":55,"column":null}},"type":"if","locations":[{"start":{"line":55,"column":4},"end":{"line":55,"column":null}},{"start":{},"end":{}}],"line":55},"4":{"loc":{"start":{"line":56,"column":4},"end":{"line":56,"column":null}},"type":"if","locations":[{"start":{"line":56,"column":4},"end":{"line":56,"column":null}},{"start":{},"end":{}}],"line":56},"5":{"loc":{"start":{"line":56,"column":8},"end":{"line":56,"column":43}},"type":"binary-expr","locations":[{"start":{"line":56,"column":8},"end":{"line":56,"column":19}},{"start":{"line":56,"column":19},"end":{"line":56,"column":31}},{"start":{"line":56,"column":31},"end":{"line":56,"column":43}}],"line":56},"6":{"loc":{"start":{"line":101,"column":18},"end":{"line":101,"column":59}},"type":"binary-expr","locations":[{"start":{"line":101,"column":18},"end":{"line":101,"column":41}},{"start":{"line":101,"column":41},"end":{"line":101,"column":57}},{"start":{"line":101,"column":57},"end":{"line":101,"column":59}}],"line":101},"7":{"loc":{"start":{"line":119,"column":22},"end":{"line":121,"column":null}},"type":"cond-expr","locations":[{"start":{"line":120,"column":6},"end":{"line":120,"column":null}},{"start":{"line":121,"column":6},"end":{"line":121,"column":null}}],"line":119}},"s":{"0":1,"1":1,"2":29,"3":29,"4":29,"5":29,"6":29,"7":29,"8":29,"9":9,"10":9,"11":9,"12":8,"13":8,"14":1,"15":1,"16":7,"17":7,"18":7,"19":7,"20":1,"21":29,"22":4,"23":29,"24":5,"25":5,"26":1,"27":4,"28":1,"29":3,"30":3,"31":3,"32":3,"33":3,"34":1,"35":1,"36":1,"37":5,"38":5,"39":1,"40":2,"41":29,"42":1,"43":1,"44":1,"45":1,"46":1,"47":29,"48":29},"f":{"0":29,"1":9,"2":4,"3":5,"4":1},"b":{"0":[1,7],"1":[8,8],"2":[5,0],"3":[1,4],"4":[1,3],"5":[4,3,3],"6":[1,0,0],"7":[14,15]},"meta":{"lastBranch":8,"lastFunction":5,"lastStatement":49,"seen":{"s:19:26:19:Infinity":0,"s:21:13:136:Infinity":1,"f:21:13:21:35":0,"s:22:28:22:Infinity":2,"s:23:30:23:Infinity":3,"s:24:32:24:Infinity":4,"s:25:36:25:Infinity":5,"s:26:34:26:Infinity":6,"s:27:26:27:Infinity":7,"s:29:20:49:Infinity":8,"f:29:20:29:27":1,"s:30:4:30:Infinity":9,"s:31:4:48:Infinity":10,"s:32:18:34:Infinity":11,"s:35:19:35:Infinity":12,"b:37:6:40:Infinity:undefined:undefined:undefined:undefined":0,"s:37:6:40:Infinity":13,"b:37:10:37:27:37:27:37:54":1,"s:38:8:38:Infinity":14,"s:39:8:39:Infinity":15,"s:42:6:42:Infinity":16,"s:43:6:43:Infinity":17,"s:44:6:44:Infinity":18,"s:45:6:45:Infinity":19,"s:47:6:47:Infinity":20,"s:51:8:51:Infinity":21,"f:51:8:51:32":2,"s:51:32:51:Infinity":22,"s:53:23:109:Infinity":23,"f:53:23:53:30":3,"s:54:17:54:Infinity":24,"b:54:28:54:60:54:60:54:64":2,"b:55:4:55:Infinity:undefined:undefined:undefined:undefined":3,"s:55:4:55:Infinity":25,"s:55:33:55:Infinity":26,"b:56:4:56:Infinity:undefined:undefined:undefined:undefined":4,"s:56:4:56:Infinity":27,"b:56:8:56:19:56:19:56:31:56:31:56:43":5,"s:56:43:56:Infinity":28,"s:58:4:58:Infinity":29,"s:59:4:59:Infinity":30,"s:61:4:108:Infinity":31,"s:63:8:64:Infinity":32,"s:66:23:85:Infinity":33,"s:86:24:86:Infinity":34,"s:88:6:99:Infinity":35,"s:101:6:101:Infinity":36,"b:101:18:101:41:101:41:101:57:101:57:101:59":6,"s:102:6:102:Infinity":37,"s:103:6:103:Infinity":38,"s:105:6:105:Infinity":39,"s:107:6:107:Infinity":40,"s:111:8:117:Infinity":41,"f:111:8:111:22":4,"s:112:4:112:Infinity":42,"s:113:4:113:Infinity":43,"s:114:4:114:Infinity":44,"s:115:4:115:Infinity":45,"s:116:4:116:Infinity":46,"s:119:22:121:Infinity":47,"b:120:6:120:Infinity:121:6:121:Infinity":7,"s:123:2:135:Infinity":48},"fnNames":{}}}
,"/Users/sumit/Documents/UniversityOfGlasgow/Sem_3/Dissertation/commodityexchange/frontend/src/hooks/useOrderHistory.tsx": {"path":"/Users/sumit/Documents/UniversityOfGlasgow/Sem_3/Dissertation/commodityexchange/frontend/src/hooks/useOrderHistory.tsx","statementMap":{"0":{"start":{"line":5,"column":13},"end":{"line":37,"column":null}},"1":{"start":{"line":6,"column":30},"end":{"line":6,"column":null}},"2":{"start":{"line":7,"column":36},"end":{"line":7,"column":null}},"3":{"start":{"line":8,"column":32},"end":{"line":8,"column":null}},"4":{"start":{"line":9,"column":38},"end":{"line":9,"column":null}},"5":{"start":{"line":11,"column":21},"end":{"line":25,"column":null}},"6":{"start":{"line":12,"column":4},"end":{"line":12,"column":null}},"7":{"start":{"line":13,"column":4},"end":{"line":13,"column":null}},"8":{"start":{"line":14,"column":17},"end":{"line":14,"column":null}},"9":{"start":{"line":17,"column":4},"end":{"line":24,"column":null}},"10":{"start":{"line":18,"column":21},"end":{"line":18,"column":31}},"11":{"start":{"line":19,"column":22},"end":{"line":19,"column":52}},"12":{"start":{"line":20,"column":19},"end":{"line":20,"column":35}},"13":{"start":{"line":22,"column":8},"end":{"line":22,"column":null}},"14":{"start":{"line":23,"column":8},"end":{"line":23,"column":null}},"15":{"start":{"line":27,"column":22},"end":{"line":30,"column":null}},"16":{"start":{"line":28,"column":4},"end":{"line":28,"column":null}},"17":{"start":{"line":28,"column":20},"end":{"line":28,"column":null}},"18":{"start":{"line":29,"column":4},"end":{"line":29,"column":null}},"19":{"start":{"line":32,"column":18},"end":{"line":34,"column":null}},"20":{"start":{"line":33,"column":4},"end":{"line":33,"column":null}},"21":{"start":{"line":36,"column":2},"end":{"line":36,"column":null}}},"fnMap":{"0":{"name":"(anonymous_0)","decl":{"start":{"line":5,"column":13},"end":{"line":5,"column":37}},"loc":{"start":{"line":5,"column":37},"end":{"line":37,"column":null}},"line":5},"1":{"name":"(anonymous_1)","decl":{"start":{"line":11,"column":21},"end":{"line":11,"column":39}},"loc":{"start":{"line":11,"column":39},"end":{"line":25,"column":5}},"line":11},"2":{"name":"(anonymous_2)","decl":{"start":{"line":18,"column":7},"end":{"line":18,"column":13}},"loc":{"start":{"line":18,"column":21},"end":{"line":18,"column":31}},"line":18},"3":{"name":"(anonymous_3)","decl":{"start":{"line":19,"column":7},"end":{"line":19,"column":13}},"loc":{"start":{"line":19,"column":22},"end":{"line":19,"column":52}},"line":19},"4":{"name":"(anonymous_4)","decl":{"start":{"line":20,"column":7},"end":{"line":20,"column":19}},"loc":{"start":{"line":20,"column":19},"end":{"line":20,"column":35}},"line":20},"5":{"name":"(anonymous_5)","decl":{"start":{"line":21,"column":7},"end":{"line":21,"column":21}},"loc":{"start":{"line":21,"column":21},"end":{"line":24,"column":7}},"line":21},"6":{"name":"(anonymous_6)","decl":{"start":{"line":27,"column":22},"end":{"line":27,"column":40}},"loc":{"start":{"line":27,"column":40},"end":{"line":30,"column":5}},"line":27},"7":{"name":"(anonymous_7)","decl":{"start":{"line":32,"column":18},"end":{"line":32,"column":36}},"loc":{"start":{"line":32,"column":36},"end":{"line":34,"column":5}},"line":32}},"branchMap":{"0":{"loc":{"start":{"line":14,"column":28},"end":{"line":14,"column":64}},"type":"binary-expr","locations":[{"start":{"line":14,"column":28},"end":{"line":14,"column":60}},{"start":{"line":14,"column":60},"end":{"line":14,"column":64}}],"line":14},"1":{"loc":{"start":{"line":19,"column":32},"end":{"line":19,"column":51}},"type":"binary-expr","locations":[{"start":{"line":19,"column":32},"end":{"line":19,"column":47}},{"start":{"line":19,"column":47},"end":{"line":19,"column":51}}],"line":19},"2":{"loc":{"start":{"line":28,"column":4},"end":{"line":28,"column":null}},"type":"if","locations":[{"start":{"line":28,"column":4},"end":{"line":28,"column":null}},{"start":{},"end":{}}],"line":28}},"s":{"0":1,"1":15,"2":15,"3":15,"4":15,"5":15,"6":5,"7":5,"8":5,"9":5,"10":4,"11":4,"12":1,"13":5,"14":5,"15":15,"16":5,"17":1,"18":4,"19":15,"20":1,"21":15},"f":{"0":15,"1":5,"2":4,"3":4,"4":1,"5":5,"6":5,"7":1},"b":{"0":[5,0],"1":[4,0],"2":[1,4]},"meta":{"lastBranch":3,"lastFunction":8,"lastStatement":22,"seen":{"s:5:13:37:Infinity":0,"f:5:13:5:37":0,"s:6:30:6:Infinity":1,"s:7:36:7:Infinity":2,"s:8:32:8:Infinity":3,"s:9:38:9:Infinity":4,"s:11:21:25:Infinity":5,"f:11:21:11:39":1,"s:12:4:12:Infinity":6,"s:13:4:13:Infinity":7,"s:14:17:14:Infinity":8,"b:14:28:14:60:14:60:14:64":0,"s:17:4:24:Infinity":9,"f:18:7:18:13":2,"s:18:21:18:31":10,"f:19:7:19:13":3,"s:19:22:19:52":11,"b:19:32:19:47:19:47:19:51":1,"f:20:7:20:19":4,"s:20:19:20:35":12,"f:21:7:21:21":5,"s:22:8:22:Infinity":13,"s:23:8:23:Infinity":14,"s:27:22:30:Infinity":15,"f:27:22:27:40":6,"b:28:4:28:Infinity:undefined:undefined:undefined:undefined":2,"s:28:4:28:Infinity":16,"s:28:20:28:Infinity":17,"s:29:4:29:Infinity":18,"s:32:18:34:Infinity":19,"f:32:18:32:36":7,"s:33:4:33:Infinity":20,"s:36:2:36:Infinity":21},"fnNames":{}}}
,"/Users/sumit/Documents/UniversityOfGlasgow/Sem_3/Dissertation/commodityexchange/frontend/src/hooks/useOrders.ts": {"path":"/Users/sumit/Documents/UniversityOfGlasgow/Sem_3/Dissertation/commodityexchange/frontend/src/hooks/useOrders.ts","statementMap":{"0":{"start":{"line":17,"column":13},"end":{"line":43,"column":null}},"1":{"start":{"line":18,"column":30},"end":{"line":18,"column":null}},"2":{"start":{"line":19,"column":36},"end":{"line":19,"column":null}},"3":{"start":{"line":20,"column":32},"end":{"line":20,"column":null}},"4":{"start":{"line":22,"column":15},"end":{"line":22,"column":null}},"5":{"start":{"line":24,"column":22},"end":{"line":36,"column":null}},"6":{"start":{"line":25,"column":4},"end":{"line":25,"column":null}},"7":{"start":{"line":26,"column":4},"end":{"line":35,"column":null}},"8":{"start":{"line":27,"column":19},"end":{"line":27,"column":29}},"9":{"start":{"line":29,"column":8},"end":{"line":29,"column":null}},"10":{"start":{"line":30,"column":8},"end":{"line":30,"column":null}},"11":{"start":{"line":33,"column":8},"end":{"line":33,"column":null}},"12":{"start":{"line":34,"column":8},"end":{"line":34,"column":null}},"13":{"start":{"line":38,"column":2},"end":{"line":40,"column":null}},"14":{"start":{"line":39,"column":4},"end":{"line":39,"column":null}},"15":{"start":{"line":42,"column":2},"end":{"line":42,"column":null}}},"fnMap":{"0":{"name":"(anonymous_0)","decl":{"start":{"line":17,"column":13},"end":{"line":17,"column":31}},"loc":{"start":{"line":17,"column":31},"end":{"line":43,"column":null}},"line":17},"1":{"name":"(anonymous_1)","decl":{"start":{"line":24,"column":22},"end":{"line":24,"column":40}},"loc":{"start":{"line":24,"column":40},"end":{"line":36,"column":5}},"line":24},"2":{"name":"(anonymous_2)","decl":{"start":{"line":27,"column":7},"end":{"line":27,"column":12}},"loc":{"start":{"line":27,"column":19},"end":{"line":27,"column":29}},"line":27},"3":{"name":"(anonymous_3)","decl":{"start":{"line":28,"column":7},"end":{"line":28,"column":12}},"loc":{"start":{"line":28,"column":20},"end":{"line":31,"column":7}},"line":28},"4":{"name":"(anonymous_4)","decl":{"start":{"line":32,"column":7},"end":{"line":32,"column":19}},"loc":{"start":{"line":32,"column":19},"end":{"line":35,"column":7}},"line":32},"5":{"name":"(anonymous_5)","decl":{"start":{"line":38,"column":2},"end":{"line":38,"column":18}},"loc":{"start":{"line":38,"column":18},"end":{"line":40,"column":5}},"line":38}},"branchMap":{"0":{"loc":{"start":{"line":22,"column":26},"end":{"line":22,"column":62}},"type":"binary-expr","locations":[{"start":{"line":22,"column":26},"end":{"line":22,"column":58}},{"start":{"line":22,"column":58},"end":{"line":22,"column":62}}],"line":22}},"s":{"0":1,"1":13,"2":13,"3":13,"4":13,"5":13,"6":5,"7":5,"8":4,"9":4,"10":4,"11":1,"12":1,"13":13,"14":4,"15":13},"f":{"0":13,"1":5,"2":4,"3":4,"4":1,"5":4},"b":{"0":[13,3]},"meta":{"lastBranch":1,"lastFunction":6,"lastStatement":16,"seen":{"s:17:13:43:Infinity":0,"f:17:13:17:31":0,"s:18:30:18:Infinity":1,"s:19:36:19:Infinity":2,"s:20:32:20:Infinity":3,"s:22:15:22:Infinity":4,"b:22:26:22:58:22:58:22:62":0,"s:24:22:36:Infinity":5,"f:24:22:24:40":1,"s:25:4:25:Infinity":6,"s:26:4:35:Infinity":7,"f:27:7:27:12":2,"s:27:19:27:29":8,"f:28:7:28:12":3,"s:29:8:29:Infinity":9,"s:30:8:30:Infinity":10,"f:32:7:32:19":4,"s:33:8:33:Infinity":11,"s:34:8:34:Infinity":12,"s:38:2:40:Infinity":13,"f:38:2:38:18":5,"s:39:4:39:Infinity":14,"s:42:2:42:Infinity":15},"fnNames":{}}}
,"/Users/sumit/Documents/UniversityOfGlasgow/Sem_3/Dissertation/commodityexchange/frontend/src/hooks/useUpdateOrderNote.ts": {"path":"/Users/sumit/Documents/UniversityOfGlasgow/Sem_3/Dissertation/commodityexchange/frontend/src/hooks/useUpdateOrderNote.ts","statementMap":{"0":{"start":{"line":4,"column":13},"end":{"line":28,"column":null}},"1":{"start":{"line":5,"column":38},"end":{"line":5,"column":null}},"2":{"start":{"line":6,"column":28},"end":{"line":6,"column":null}},"3":{"start":{"line":8,"column":21},"end":{"line":25,"column":null}},"4":{"start":{"line":9,"column":4},"end":{"line":9,"column":null}},"5":{"start":{"line":10,"column":4},"end":{"line":10,"column":null}},"6":{"start":{"line":11,"column":4},"end":{"line":24,"column":null}},"7":{"start":{"line":12,"column":18},"end":{"line":16,"column":null}},"8":{"start":{"line":17,"column":6},"end":{"line":17,"column":null}},"9":{"start":{"line":17,"column":19},"end":{"line":17,"column":null}},"10":{"start":{"line":18,"column":6},"end":{"line":18,"column":null}},"11":{"start":{"line":20,"column":6},"end":{"line":20,"column":null}},"12":{"start":{"line":21,"column":6},"end":{"line":21,"column":null}},"13":{"start":{"line":23,"column":6},"end":{"line":23,"column":null}},"14":{"start":{"line":27,"column":2},"end":{"line":27,"column":null}}},"fnMap":{"0":{"name":"(anonymous_0)","decl":{"start":{"line":4,"column":13},"end":{"line":4,"column":40}},"loc":{"start":{"line":4,"column":40},"end":{"line":28,"column":null}},"line":4},"1":{"name":"(anonymous_1)","decl":{"start":{"line":8,"column":21},"end":{"line":8,"column":28}},"loc":{"start":{"line":8,"column":62},"end":{"line":25,"column":null}},"line":8}},"branchMap":{"0":{"loc":{"start":{"line":17,"column":6},"end":{"line":17,"column":null}},"type":"if","locations":[{"start":{"line":17,"column":6},"end":{"line":17,"column":null}},{"start":{},"end":{}}],"line":17}},"s":{"0":1,"1":9,"2":9,"3":9,"4":4,"5":4,"6":4,"7":4,"8":3,"9":1,"10":2,"11":2,"12":2,"13":4,"14":9},"f":{"0":9,"1":4},"b":{"0":[1,2]},"meta":{"lastBranch":1,"lastFunction":2,"lastStatement":15,"seen":{"s:4:13:28:Infinity":0,"f:4:13:4:40":0,"s:5:38:5:Infinity":1,"s:6:28:6:Infinity":2,"s:8:21:25:Infinity":3,"f:8:21:8:28":1,"s:9:4:9:Infinity":4,"s:10:4:10:Infinity":5,"s:11:4:24:Infinity":6,"s:12:18:16:Infinity":7,"b:17:6:17:Infinity:undefined:undefined:undefined:undefined":0,"s:17:6:17:Infinity":8,"s:17:19:17:Infinity":9,"s:18:6:18:Infinity":10,"s:20:6:20:Infinity":11,"s:21:6:21:Infinity":12,"s:23:6:23:Infinity":13,"s:27:2:27:Infinity":14},"fnNames":{}}}
}
